====== BEGIN LOG ======
[21:44:15.127x1] click.rmx.engine.Scene::<init> on line 22: Scene initializing...
[21:44:15.163x1] com.maxbilbow.aicubo.AiCubo::initActors on line 60: Setting up scene...
[21:44:15.163x1] com.maxbilbow.aicubo.AiCubo::initActors on line 62: SUCCESS
[21:44:15.163x1] com.maxbilbow.aicubo.AiCubo::initActors on line 64: Setting up actors...
[21:44:15.163x1] com.maxbilbow.aicubo.AiCubo::initActors on line 66: POV success
[21:44:15.163x1] com.maxbilbow.aicubo.AiCubo::initActors on line 67: Initializing entity generator
[21:44:15.164x1] com.maxbilbow.aicubo.AiCubo::initActors on line 106: Entity generator initialized
[21:44:15.164x1] com.maxbilbow.aicubo.AiCubo::initActors on line 111: Generating...
[21:44:15.164x1] com.maxbilbow.aicubo.AiCubo::initActors on line 116: Success. Creating floor
[21:44:15.168x1] com.maxbilbow.aicubo.AiCubo::initActors on line 128: Actors set up successfully...
[21:44:15.178x1] click.rmx.engine.GameController::run on line 60: Setup GameController
[21:44:15.178x1] click.rmx.engine.gl.GLView::run on line 35: Load Shared Libraries
====== END OF LOG ======

====== BEGIN LOG ======
[21:46:00.790x1] click.rmx.engine.Scene::<init> on line 22: Scene initializing...
[21:46:00.805x1] com.maxbilbow.aicubo.AiCubo::initActors on line 60: Setting up scene...
[21:46:00.805x1] com.maxbilbow.aicubo.AiCubo::initActors on line 62: SUCCESS
[21:46:00.805x1] com.maxbilbow.aicubo.AiCubo::initActors on line 64: Setting up actors...
[21:46:00.805x1] com.maxbilbow.aicubo.AiCubo::initActors on line 66: POV success
[21:46:00.805x1] com.maxbilbow.aicubo.AiCubo::initActors on line 67: Initializing entity generator
[21:46:00.806x1] com.maxbilbow.aicubo.AiCubo::initActors on line 106: Entity generator initialized
[21:46:00.806x1] com.maxbilbow.aicubo.AiCubo::initActors on line 111: Generating...
[21:46:00.806x1] com.maxbilbow.aicubo.AiCubo::initActors on line 116: Success. Creating floor
[21:46:00.811x1] com.maxbilbow.aicubo.AiCubo::initActors on line 128: Actors set up successfully...
[21:46:00.816x1] click.rmx.engine.GameController::run on line 60: Setup GameController
[21:46:00.816x1] click.rmx.engine.gl.GLView::run on line 35: Load Shared Libraries
====== END OF LOG ======

