====== BEGIN LOG ======
====== END OF LOG ======

====== BEGIN LOG ======
[01:08:08.504x1] click.rmx.persistence.RexSpringApplication::startDatabaseWithProperties on line 62: hibernate.hbm2ddl.auto not given. Default will be "update"
[01:08:08.598x1] click.rmx.persistence.RexSpringApplication::startDatabaseWithProperties on line 66: hibernate.globally_quoted_identifiers not given. Default will be "true"
====== END OF LOG ======

====== BEGIN LOG ======
[01:14:24.595x1] click.rmx.persistence.RexSpringApplication::startDatabaseWithProperties on line 64: hibernate.hbm2ddl.auto not given. Default will be "update"
[01:14:24.730x1] click.rmx.persistence.RexSpringApplication::startDatabaseWithProperties on line 68: hibernate.globally_quoted_identifiers not given. Default will be "true"
====== END OF LOG ======

====== BEGIN LOG ======
[01:15:18.249x1] click.rmx.persistence.RexSpringApplication::startDatabaseWithProperties on line 64: hibernate.hbm2ddl.auto not given. Default will be "update"
[01:15:18.350x1] click.rmx.persistence.RexSpringApplication::startDatabaseWithProperties on line 68: hibernate.globally_quoted_identifiers not given. Default will be "true"
====== END OF LOG ======

====== BEGIN LOG ======
[01:15:33.349x1] click.rmx.persistence.RexSpringApplication::startDatabaseWithProperties on line 64: hibernate.hbm2ddl.auto not given. Default will be "update"
[01:15:33.544x1] click.rmx.persistence.RexSpringApplication::startDatabaseWithProperties on line 68: hibernate.globally_quoted_identifiers not given. Default will be "true"
====== END OF LOG ======

====== BEGIN LOG ======
[01:35:01.537x1] click.rmx.persistence.RexSpringApplication::startDatabaseWithProperties on line 63: hibernate.hbm2ddl.auto not given. Default will be "update"
[01:35:01.637x1] click.rmx.persistence.RexSpringApplication::startDatabaseWithProperties on line 67: hibernate.globally_quoted_identifiers not given. Default will be "true"
====== END OF LOG ======

====== BEGIN LOG ======
[01:35:24.367x1] click.rmx.persistence.RexSpringApplication::startDatabaseWithProperties on line 63: hibernate.hbm2ddl.auto not given. Default will be "update"
[01:35:24.522x1] click.rmx.persistence.RexSpringApplication::startDatabaseWithProperties on line 67: hibernate.globally_quoted_identifiers not given. Default will be "true"
====== END OF LOG ======

====== BEGIN LOG ======
[01:36:16.022x1] click.rmx.persistence.RexSpringApplication::startDatabaseWithProperties on line 63: hibernate.hbm2ddl.auto not given. Default will be "update"
[01:36:16.109x1] click.rmx.persistence.RexSpringApplication::startDatabaseWithProperties on line 67: hibernate.globally_quoted_identifiers not given. Default will be "true"
====== END OF LOG ======

====== BEGIN LOG ======
[01:37:16.296x1] click.rmx.persistence.RexSpringApplication::startDatabaseWithProperties on line 63: hibernate.hbm2ddl.auto not given. Default will be "update"
[01:37:16.368x1] click.rmx.persistence.RexSpringApplication::startDatabaseWithProperties on line 67: hibernate.globally_quoted_identifiers not given. Default will be "true"
====== END OF LOG ======

====== BEGIN LOG ======
[01:37:31.915x1] click.rmx.persistence.RexSpringApplication::startDatabaseWithProperties on line 63: hibernate.hbm2ddl.auto not given. Default will be "update"
[01:37:31.986x1] click.rmx.persistence.RexSpringApplication::startDatabaseWithProperties on line 67: hibernate.globally_quoted_identifiers not given. Default will be "true"
====== END OF LOG ======

====== BEGIN LOG ======
[01:39:49.308x1] click.rmx.persistence.RexSpringApplication::startDatabaseWithProperties on line 63: hibernate.hbm2ddl.auto not given. Default will be "update"
[01:39:49.458x1] click.rmx.persistence.RexSpringApplication::startDatabaseWithProperties on line 67: hibernate.globally_quoted_identifiers not given. Default will be "true"
====== END OF LOG ======

====== BEGIN LOG ======
[17:50:37.910x1] click.rmx.persistence.RexSpringApplicationTests::setupBeforeClass on line 32: /Users/Max/Gits/RMXJavaKit/rmx-persistence/target/test-classes/click/rmx/persistence/hsqldb/rmxdb
[17:50:38.008x1] click.rmx.persistence.RexSpringApplication::startDatabaseWithProperties on line 63: hibernate.hbm2ddl.auto not given. Default will be "update"
[17:50:38.008x1] click.rmx.persistence.RexSpringApplication::startDatabaseWithProperties on line 67: hibernate.globally_quoted_identifiers not given. Default will be "true"
====== END OF LOG ======

====== BEGIN LOG ======
[17:57:30.680x1] click.rmx.persistence.RexSpringApplicationTests::setupBeforeClass on line 32: /Users/Max/Gits/RMXJavaKit/rmx-persistence/target/test-classes/click/rmx/persistence/hsqldb/rmxdb
[17:57:30.768x1] click.rmx.persistence.RexSpringApplication::startDatabaseWithProperties on line 63: hibernate.hbm2ddl.auto not given. Default will be "update"
[17:57:30.769x1] click.rmx.persistence.RexSpringApplication::startDatabaseWithProperties on line 67: hibernate.globally_quoted_identifiers not given. Default will be "true"
====== END OF LOG ======

====== BEGIN LOG ======
[18:04:31.209x1] click.rmx.persistence.RexSpringApplicationTests::setupBeforeClass on line 33: /Users/Max/Gits/RMXJavaKit/rmx-persistence/target/test-classes/click/rmx/persistence/hsqldb/rmxdb
[18:04:31.318x1] click.rmx.persistence.RexSpringApplication::startDatabaseWithProperties on line 63: hibernate.hbm2ddl.auto not given. Default will be "update"
[18:04:31.319x1] click.rmx.persistence.RexSpringApplication::startDatabaseWithProperties on line 67: hibernate.globally_quoted_identifiers not given. Default will be "true"
====== END OF LOG ======

====== BEGIN LOG ======
[18:06:11.896x1] click.rmx.persistence.RexSpringApplicationTests::setupBeforeClass on line 33: /Users/Max/Gits/RMXJavaKit/rmx-persistence/target/test-classes/click/rmx/persistence/hsqldb/rmxdb
[18:06:11.987x1] click.rmx.persistence.RexSpringApplication::startDatabaseWithProperties on line 63: hibernate.hbm2ddl.auto not given. Default will be "update"
[18:06:11.987x1] click.rmx.persistence.RexSpringApplication::startDatabaseWithProperties on line 67: hibernate.globally_quoted_identifiers not given. Default will be "true"
====== END OF LOG ======

====== BEGIN LOG ======
[18:06:25.158x1] click.rmx.persistence.RexSpringApplicationTests::setupBeforeClass on line 33: /Users/Max/Gits/RMXJavaKit/rmx-persistence/target/test-classes/click/rmx/persistence/hsqldb/rmxdb
[18:06:25.256x1] click.rmx.persistence.RexSpringApplication::startDatabaseWithProperties on line 63: hibernate.hbm2ddl.auto not given. Default will be "update"
[18:06:25.257x1] click.rmx.persistence.RexSpringApplication::startDatabaseWithProperties on line 67: hibernate.globally_quoted_identifiers not given. Default will be "true"
====== END OF LOG ======

====== BEGIN LOG ======
[18:06:59.209x1] click.rmx.persistence.RexSpringApplicationTests::setupBeforeClass on line 33: /Users/Max/Gits/RMXJavaKit/rmx-persistence/target/test-classes/click/rmx/persistence/hsqldb/rmxdb
[18:06:59.311x1] click.rmx.persistence.RexSpringApplication::startDatabaseWithProperties on line 63: hibernate.hbm2ddl.auto not given. Default will be "update"
[18:06:59.311x1] click.rmx.persistence.RexSpringApplication::startDatabaseWithProperties on line 67: hibernate.globally_quoted_identifiers not given. Default will be "true"
====== END OF LOG ======

====== BEGIN LOG ======
[18:07:05.870x1] click.rmx.persistence.RexSpringApplicationTests::setupBeforeClass on line 33: /Users/Max/Gits/RMXJavaKit/rmx-persistence/target/test-classes/click/rmx/persistence/hsqldb/rmxdb
[18:07:05.947x1] click.rmx.persistence.RexSpringApplication::startDatabaseWithProperties on line 63: hibernate.hbm2ddl.auto not given. Default will be "update"
[18:07:05.948x1] click.rmx.persistence.RexSpringApplication::startDatabaseWithProperties on line 67: hibernate.globally_quoted_identifiers not given. Default will be "true"
====== END OF LOG ======

====== BEGIN LOG ======
[18:09:31.753x1] click.rmx.persistence.RexSpringApplicationTests::setupBeforeClass on line 33: /Users/Max/Gits/RMXJavaKit/rmx-persistence/target/test-classes/click/rmx/persistence/hsqldb/rmxdb
[18:09:31.854x1] click.rmx.persistence.RexSpringApplication::startDatabaseWithProperties on line 63: hibernate.hbm2ddl.auto not given. Default will be "update"
[18:09:31.854x1] click.rmx.persistence.RexSpringApplication::startDatabaseWithProperties on line 67: hibernate.globally_quoted_identifiers not given. Default will be "true"
====== END OF LOG ======

====== BEGIN LOG ======
[18:10:14.181x1] click.rmx.persistence.RexSpringApplicationTests::setupBeforeClass on line 33: /Users/Max/Gits/RMXJavaKit/rmx-persistence/target/test-classes/click/rmx/persistence/hsqldb/rmxdb
[18:10:14.291x1] click.rmx.persistence.RexSpringApplication::startDatabaseWithProperties on line 63: hibernate.hbm2ddl.auto not given. Default will be "update"
[18:10:14.292x1] click.rmx.persistence.RexSpringApplication::startDatabaseWithProperties on line 67: hibernate.globally_quoted_identifiers not given. Default will be "true"
[18:10:19.355x1] java.util.ArrayList$ArrayListSpliterator::forEachRemaining on line 1374: ID: 1, name: Boxy: 0
[18:10:19.356x1] java.util.ArrayList$ArrayListSpliterator::forEachRemaining on line 1374: ID: 2, name: Boxy: 0
[18:10:19.356x1] java.util.ArrayList$ArrayListSpliterator::forEachRemaining on line 1374: ID: 3, name: Boxy: 1
[18:10:19.356x1] java.util.ArrayList$ArrayListSpliterator::forEachRemaining on line 1374: ID: 4, name: Boxy: 1
[18:10:19.356x1] java.util.ArrayList$ArrayListSpliterator::forEachRemaining on line 1374: ID: 5, name: Boxy: 0
====== END OF LOG ======

====== BEGIN LOG ======
[18:10:33.697x1] click.rmx.persistence.RexSpringApplicationTests::setupBeforeClass on line 33: /Users/Max/Gits/RMXJavaKit/rmx-persistence/target/test-classes/click/rmx/persistence/hsqldb/rmxdb
[18:10:33.835x1] click.rmx.persistence.RexSpringApplication::startDatabaseWithProperties on line 63: hibernate.hbm2ddl.auto not given. Default will be "update"
[18:10:33.835x1] click.rmx.persistence.RexSpringApplication::startDatabaseWithProperties on line 67: hibernate.globally_quoted_identifiers not given. Default will be "true"
[18:10:38.964x1] java.util.ArrayList$ArrayListSpliterator::forEachRemaining on line 1374: ID: 1, name: Boxy: 0
[18:10:38.964x1] java.util.ArrayList$ArrayListSpliterator::forEachRemaining on line 1374: ID: 2, name: Boxy: 0
[18:10:38.964x1] java.util.ArrayList$ArrayListSpliterator::forEachRemaining on line 1374: ID: 3, name: Boxy: 1
[18:10:38.967x1] java.util.ArrayList$ArrayListSpliterator::forEachRemaining on line 1374: ID: 4, name: Boxy: 1
[18:10:38.967x1] java.util.ArrayList$ArrayListSpliterator::forEachRemaining on line 1374: ID: 5, name: Boxy: 0
[18:10:38.968x1] java.util.ArrayList$ArrayListSpliterator::forEachRemaining on line 1374: ID: 6, name: Boxy: 10
====== END OF LOG ======

====== BEGIN LOG ======
[18:11:14.781x1] click.rmx.persistence.RexSpringApplicationTests::setupBeforeClass on line 33: /Users/Max/Gits/RMXJavaKit/rmx-persistence/target/test-classes/click/rmx/persistence/hsqldb/rmxdb
[18:11:14.884x1] click.rmx.persistence.RexSpringApplication::startDatabaseWithProperties on line 63: hibernate.hbm2ddl.auto not given. Default will be "update"
[18:11:14.885x1] click.rmx.persistence.RexSpringApplication::startDatabaseWithProperties on line 67: hibernate.globally_quoted_identifiers not given. Default will be "true"
[18:11:19.853x1] java.util.ArrayList$ArrayListSpliterator::forEachRemaining on line 1374: ID: 1, name: Boxy: 0
[18:11:19.853x1] java.util.ArrayList$ArrayListSpliterator::forEachRemaining on line 1374: ID: 2, name: Boxy: 0
[18:11:19.853x1] java.util.ArrayList$ArrayListSpliterator::forEachRemaining on line 1374: ID: 3, name: Boxy: 1
[18:11:19.853x1] java.util.ArrayList$ArrayListSpliterator::forEachRemaining on line 1374: ID: 4, name: Boxy: 1
[18:11:19.853x1] java.util.ArrayList$ArrayListSpliterator::forEachRemaining on line 1374: ID: 5, name: Boxy: 0
[18:11:19.853x1] java.util.ArrayList$ArrayListSpliterator::forEachRemaining on line 1374: ID: 6, name: Boxy: 10
[18:11:19.853x1] java.util.ArrayList$ArrayListSpliterator::forEachRemaining on line 1374: ID: 7, name: Boxy: 9
====== END OF LOG ======

====== BEGIN LOG ======
[18:19:36.823x1] click.rmx.persistence.RexSpringApplicationTests::setupBeforeClass on line 33: /Users/Max/Gits/RMXJavaKit/rmx-persistence/target/test-classes/click/rmx/persistence/hsqldb/rmxdb
[18:19:36.909x1] click.rmx.persistence.RexSpringApplication::startDatabaseWithProperties on line 63: hibernate.hbm2ddl.auto not given. Default will be "update"
[18:19:36.909x1] click.rmx.persistence.RexSpringApplication::startDatabaseWithProperties on line 67: hibernate.globally_quoted_identifiers not given. Default will be "true"
[18:19:42.003x1] java.util.ArrayList$ArrayListSpliterator::forEachRemaining on line 1374: ID: 1, name: Boxy: 0
[18:19:42.003x1] java.util.ArrayList$ArrayListSpliterator::forEachRemaining on line 1374: ID: 2, name: Boxy: 0
[18:19:42.003x1] java.util.ArrayList$ArrayListSpliterator::forEachRemaining on line 1374: ID: 3, name: Boxy: 1
[18:19:42.003x1] java.util.ArrayList$ArrayListSpliterator::forEachRemaining on line 1374: ID: 4, name: Boxy: 1
[18:19:42.003x1] java.util.ArrayList$ArrayListSpliterator::forEachRemaining on line 1374: ID: 5, name: Boxy: 0
[18:19:42.004x1] java.util.ArrayList$ArrayListSpliterator::forEachRemaining on line 1374: ID: 6, name: Boxy: 10
[18:19:42.004x1] java.util.ArrayList$ArrayListSpliterator::forEachRemaining on line 1374: ID: 7, name: Boxy: 9
[18:19:42.004x1] java.util.ArrayList$ArrayListSpliterator::forEachRemaining on line 1374: ID: 8, name: Boxy: 4
====== END OF LOG ======

====== BEGIN LOG ======
[18:19:52.125x1] click.rmx.persistence.RexSpringApplicationTests::setupBeforeClass on line 36: /Users/Max/Gits/RMXJavaKit/rmx-persistence/target/test-classes/click/rmx/persistence/hsqldb/rmxdb
[18:19:52.224x1] click.rmx.persistence.RexSpringApplication::startDatabaseWithProperties on line 63: hibernate.hbm2ddl.auto not given. Default will be "update"
[18:19:52.225x1] click.rmx.persistence.RexSpringApplication::startDatabaseWithProperties on line 67: hibernate.globally_quoted_identifiers not given. Default will be "true"
[18:19:57.013x1] java.util.ArrayList$ArrayListSpliterator::forEachRemaining on line 1374: ID: 2, name: Boxy: 0
[18:19:57.013x1] java.util.ArrayList$ArrayListSpliterator::forEachRemaining on line 1374: ID: 3, name: Boxy: 1
[18:19:57.013x1] java.util.ArrayList$ArrayListSpliterator::forEachRemaining on line 1374: ID: 4, name: Boxy: 1
[18:19:57.013x1] java.util.ArrayList$ArrayListSpliterator::forEachRemaining on line 1374: ID: 5, name: Boxy: 0
[18:19:57.013x1] java.util.ArrayList$ArrayListSpliterator::forEachRemaining on line 1374: ID: 6, name: Boxy: 10
[18:19:57.013x1] java.util.ArrayList$ArrayListSpliterator::forEachRemaining on line 1374: ID: 7, name: Boxy: 9
[18:19:57.013x1] java.util.ArrayList$ArrayListSpliterator::forEachRemaining on line 1374: ID: 8, name: Boxy: 4
[18:19:57.013x1] java.util.ArrayList$ArrayListSpliterator::forEachRemaining on line 1374: ID: 9, name: Boxy: 9
====== END OF LOG ======

====== BEGIN LOG ======
[18:20:51.057x1] click.rmx.persistence.RexSpringApplicationTests::setupBeforeClass on line 36: /Users/Max/Gits/RMXJavaKit/rmx-persistence/target/test-classes/click/rmx/persistence/hsqldb/rmxdb
[18:20:51.150x1] click.rmx.persistence.RexSpringApplication::startDatabaseWithProperties on line 63: hibernate.hbm2ddl.auto not given. Default will be "update"
[18:20:51.150x1] click.rmx.persistence.RexSpringApplication::startDatabaseWithProperties on line 67: hibernate.globally_quoted_identifiers not given. Default will be "true"
[18:20:56.280x1] java.util.ArrayList$ArrayListSpliterator::forEachRemaining on line 1374: ID: 3, name: Boxy: 1
[18:20:56.280x1] java.util.ArrayList$ArrayListSpliterator::forEachRemaining on line 1374: ID: 4, name: Boxy: 1
[18:20:56.280x1] java.util.ArrayList$ArrayListSpliterator::forEachRemaining on line 1374: ID: 5, name: Boxy: 0
[18:20:56.281x1] java.util.ArrayList$ArrayListSpliterator::forEachRemaining on line 1374: ID: 6, name: Boxy: 10
[18:20:56.281x1] java.util.ArrayList$ArrayListSpliterator::forEachRemaining on line 1374: ID: 7, name: Boxy: 9
[18:20:56.281x1] java.util.ArrayList$ArrayListSpliterator::forEachRemaining on line 1374: ID: 8, name: Boxy: 4
[18:20:56.281x1] java.util.ArrayList$ArrayListSpliterator::forEachRemaining on line 1374: ID: 9, name: Boxy: 9
[18:20:56.281x1] java.util.ArrayList$ArrayListSpliterator::forEachRemaining on line 1374: ID: 10, name: Boxy: 8
====== END OF LOG ======

====== BEGIN LOG ======
[18:22:46.677x1] click.rmx.persistence.RexSpringApplicationTests::setupBeforeClass on line 36: /Users/Max/Gits/RMXJavaKit/rmx-persistence/target/test-classes/click/rmx/persistence/hsqldb/rmxdb
[18:22:46.772x1] click.rmx.persistence.RexSpringApplication::startDatabaseWithProperties on line 63: hibernate.hbm2ddl.auto not given. Default will be "update"
[18:22:46.773x1] click.rmx.persistence.RexSpringApplication::startDatabaseWithProperties on line 67: hibernate.globally_quoted_identifiers not given. Default will be "true"
[18:22:51.732x1] java.util.ArrayList$ArrayListSpliterator::forEachRemaining on line 1374: ID: 4, name: Boxy: 1
[18:22:51.732x1] java.util.ArrayList$ArrayListSpliterator::forEachRemaining on line 1374: ID: 5, name: Boxy: 0
[18:22:51.732x1] java.util.ArrayList$ArrayListSpliterator::forEachRemaining on line 1374: ID: 6, name: Boxy: 10
[18:22:51.732x1] java.util.ArrayList$ArrayListSpliterator::forEachRemaining on line 1374: ID: 7, name: Boxy: 9
[18:22:51.732x1] java.util.ArrayList$ArrayListSpliterator::forEachRemaining on line 1374: ID: 8, name: Boxy: 4
[18:22:51.732x1] java.util.ArrayList$ArrayListSpliterator::forEachRemaining on line 1374: ID: 9, name: Boxy: 9
[18:22:51.732x1] java.util.ArrayList$ArrayListSpliterator::forEachRemaining on line 1374: ID: 10, name: Boxy: 8
[18:22:51.733x1] java.util.ArrayList$ArrayListSpliterator::forEachRemaining on line 1374: ID: 11, name: Boxy: 4
====== END OF LOG ======

====== BEGIN LOG ======
[18:24:24.930x1] click.rmx.persistence.RexSpringApplicationTests::setupBeforeClass on line 36: /Users/Max/Gits/RMXJavaKit/rmx-persistence/target/test-classes/click/rmx/persistence/hsqldb/rmxdb
[18:24:25.019x1] click.rmx.persistence.RexSpringApplication::startDatabaseWithProperties on line 63: hibernate.hbm2ddl.auto not given. Default will be "update"
[18:24:25.019x1] click.rmx.persistence.RexSpringApplication::startDatabaseWithProperties on line 67: hibernate.globally_quoted_identifiers not given. Default will be "true"
====== END OF LOG ======

====== BEGIN LOG ======
[18:36:08.675x1] click.rmx.persistence.RexSpringApplicationTests::setupBeforeClass on line 38: /Users/Max/Gits/RMXJavaKit/rmx-persistence/target/test-classes/click/rmx/persistence/hsqldb/rmxdb
[18:36:08.774x1] click.rmx.persistence.RmxSpringApplication::startDatabaseWithProperties on line 63: hibernate.hbm2ddl.auto not given. Default will be "update"
[18:36:08.774x1] click.rmx.persistence.RmxSpringApplication::startDatabaseWithProperties on line 67: hibernate.globally_quoted_identifiers not given. Default will be "true"
====== END OF LOG ======

====== BEGIN LOG ======
[18:38:30.958x1] click.rmx.persistence.RexSpringApplicationTests::setupBeforeClass on line 38: /Users/Max/Gits/RMXJavaKit/rmx-persistence/target/test-classes/click/rmx/persistence/hsqldb/rmxdb
[18:38:31.093x1] click.rmx.persistence.RmxSpringApplication::startDatabaseWithProperties on line 63: hibernate.hbm2ddl.auto not given. Default will be "update"
[18:38:31.094x1] click.rmx.persistence.RmxSpringApplication::startDatabaseWithProperties on line 67: hibernate.globally_quoted_identifiers not given. Default will be "true"
====== END OF LOG ======

====== BEGIN LOG ======
[18:39:24.899x1] click.rmx.persistence.RexSpringApplicationTests::setupBeforeClass on line 38: /Users/Max/Gits/RMXJavaKit/rmx-persistence/target/test-classes/click/rmx/persistence/hsqldb/rmxdb
[18:39:24.993x1] click.rmx.persistence.RmxSpringApplication::startDatabaseWithProperties on line 63: hibernate.hbm2ddl.auto not given. Default will be "update"
[18:39:24.994x1] click.rmx.persistence.RmxSpringApplication::startDatabaseWithProperties on line 67: hibernate.globally_quoted_identifiers not given. Default will be "true"
====== END OF LOG ======

====== BEGIN LOG ======
[18:39:37.167x1] click.rmx.persistence.RexSpringApplicationTests::setupBeforeClass on line 38: /Users/Max/Gits/RMXJavaKit/rmx-persistence/target/test-classes/click/rmx/persistence/hsqldb/rmxdb
[18:39:37.263x1] click.rmx.persistence.RmxSpringApplication::startDatabaseWithProperties on line 63: hibernate.hbm2ddl.auto not given. Default will be "update"
[18:39:37.264x1] click.rmx.persistence.RmxSpringApplication::startDatabaseWithProperties on line 67: hibernate.globally_quoted_identifiers not given. Default will be "true"
====== END OF LOG ======

====== BEGIN LOG ======
[18:43:10.880x1] click.rmx.persistence.RexSpringApplicationTests::setupBeforeClass on line 38: /Users/Max/Gits/RMXJavaKit/rmx-persistence/target/test-classes/click/rmx/persistence/hsqldb/rmxdb
[18:43:10.961x1] click.rmx.persistence.RmxSpringApplication::startDatabaseWithProperties on line 63: hibernate.hbm2ddl.auto not given. Default will be "update"
[18:43:10.965x1] click.rmx.persistence.RmxSpringApplication::startDatabaseWithProperties on line 67: hibernate.globally_quoted_identifiers not given. Default will be "true"
====== END OF LOG ======

====== BEGIN LOG ======
[18:45:37.889x1] click.rmx.persistence.RexSpringApplicationTests::setupBeforeClass on line 38: /Users/Max/Gits/RMXJavaKit/rmx-persistence/target/test-classes/click/rmx/persistence/hsqldb/rmxdb
[18:45:38.016x1] click.rmx.persistence.RmxSpringApplication::startDatabaseWithProperties on line 63: hibernate.hbm2ddl.auto not given. Default will be "update"
[18:45:38.016x1] click.rmx.persistence.RmxSpringApplication::startDatabaseWithProperties on line 67: hibernate.globally_quoted_identifiers not given. Default will be "true"
====== END OF LOG ======

====== BEGIN LOG ======
[18:46:35.110x1] click.rmx.persistence.RexSpringApplicationTests::setupBeforeClass on line 38: /Users/Max/Gits/RMXJavaKit/rmx-persistence/target/test-classes/click/rmx/persistence/hsqldb/rmxdb
[18:46:35.197x1] click.rmx.persistence.RmxSpringApplication::startDatabaseWithProperties on line 63: hibernate.hbm2ddl.auto not given. Default will be "update"
[18:46:35.197x1] click.rmx.persistence.RmxSpringApplication::startDatabaseWithProperties on line 67: hibernate.globally_quoted_identifiers not given. Default will be "true"
====== END OF LOG ======

====== BEGIN LOG ======
[18:46:45.670x1] click.rmx.persistence.RexSpringApplicationTests::setupBeforeClass on line 38: /Users/Max/Gits/RMXJavaKit/rmx-persistence/target/test-classes/click/rmx/persistence/hsqldb/rmxdb
[18:46:45.768x1] click.rmx.persistence.RmxSpringApplication::startDatabaseWithProperties on line 63: hibernate.hbm2ddl.auto not given. Default will be "update"
[18:46:45.768x1] click.rmx.persistence.RmxSpringApplication::startDatabaseWithProperties on line 67: hibernate.globally_quoted_identifiers not given. Default will be "true"
====== END OF LOG ======

====== BEGIN LOG ======
[18:50:22.771x1] click.rmx.persistence.RexSpringApplicationTests::setupBeforeClass on line 38: /Users/Max/Gits/RMXJavaKit/rmx-persistence/target/test-classes/click/rmx/persistence/hsqldb/rmxdb
[18:50:22.874x1] click.rmx.persistence.RmxSpringApplication::startDatabaseWithProperties on line 63: hibernate.hbm2ddl.auto not given. Default will be "update"
[18:50:22.875x1] click.rmx.persistence.RmxSpringApplication::startDatabaseWithProperties on line 67: hibernate.globally_quoted_identifiers not given. Default will be "true"
====== END OF LOG ======

====== BEGIN LOG ======
[18:50:33.866x1] click.rmx.persistence.RexSpringApplicationTests::setupBeforeClass on line 38: /Users/Max/Gits/RMXJavaKit/rmx-persistence/target/test-classes/click/rmx/persistence/hsqldb/rmxdb
[18:50:33.950x1] click.rmx.persistence.RmxSpringApplication::startDatabaseWithProperties on line 63: hibernate.hbm2ddl.auto not given. Default will be "update"
[18:50:33.950x1] click.rmx.persistence.RmxSpringApplication::startDatabaseWithProperties on line 67: hibernate.globally_quoted_identifiers not given. Default will be "true"
====== END OF LOG ======

====== BEGIN LOG ======
[18:52:08.834x1] click.rmx.persistence.RexSpringApplicationTests::setupBeforeClass on line 38: /Users/Max/Gits/RMXJavaKit/rmx-persistence/target/test-classes/click/rmx/persistence/hsqldb/rmxdb
[18:52:08.931x1] click.rmx.persistence.RmxSpringApplication::startDatabaseWithProperties on line 63: hibernate.hbm2ddl.auto not given. Default will be "update"
[18:52:08.931x1] click.rmx.persistence.RmxSpringApplication::startDatabaseWithProperties on line 67: hibernate.globally_quoted_identifiers not given. Default will be "true"
====== END OF LOG ======

====== BEGIN LOG ======
[18:52:30.425x1] click.rmx.persistence.RmxSpringApplication::startDatabaseWithProperties on line 63: hibernate.hbm2ddl.auto not given. Default will be "update"
[18:52:30.509x1] click.rmx.persistence.RmxSpringApplication::startDatabaseWithProperties on line 67: hibernate.globally_quoted_identifiers not given. Default will be "true"
====== END OF LOG ======

====== BEGIN LOG ======
[20:02:43.384x1] click.rmx.persistence.RmxSpringApplication::startDatabaseWithProperties on line 63: hibernate.hbm2ddl.auto not given. Default will be "update"
[20:02:43.641x1] click.rmx.persistence.RmxSpringApplication::startDatabaseWithProperties on line 67: hibernate.globally_quoted_identifiers not given. Default will be "true"
====== END OF LOG ======

====== BEGIN LOG ======
[20:05:02.425x1] click.rmx.persistence.RmxSpringApplication::startDatabaseWithProperties on line 63: hibernate.hbm2ddl.auto not given. Default will be "update"
[20:05:02.545x1] click.rmx.persistence.RmxSpringApplication::startDatabaseWithProperties on line 67: hibernate.globally_quoted_identifiers not given. Default will be "true"
====== END OF LOG ======

====== BEGIN LOG ======
[20:06:30.091x1] click.rmx.persistence.RmxSpringApplication::startDatabaseWithProperties on line 62: hibernate.hbm2ddl.auto not given. Default will be "update"
[20:06:30.211x1] click.rmx.persistence.RmxSpringApplication::startDatabaseWithProperties on line 66: hibernate.globally_quoted_identifiers not given. Default will be "true"
====== END OF LOG ======

====== BEGIN LOG ======
[20:07:37.392x1] click.rmx.persistence.RexSpringApplicationTests::setupBeforeClass on line 38: /Users/Max/Gits/RMXJavaKit/rmx-persistence/target/test-classes/click/rmx/persistence/hsqldb/rmxdb
[20:07:37.503x1] click.rmx.persistence.RmxSpringApplication::startDatabaseWithProperties on line 62: hibernate.hbm2ddl.auto not given. Default will be "update"
[20:07:37.503x1] click.rmx.persistence.RmxSpringApplication::startDatabaseWithProperties on line 66: hibernate.globally_quoted_identifiers not given. Default will be "true"
====== END OF LOG ======

====== BEGIN LOG ======
[20:07:50.471x1] click.rmx.persistence.RmxSpringApplication::startDatabaseWithProperties on line 62: hibernate.hbm2ddl.auto not given. Default will be "update"
[20:07:50.562x1] click.rmx.persistence.RmxSpringApplication::startDatabaseWithProperties on line 66: hibernate.globally_quoted_identifiers not given. Default will be "true"
====== END OF LOG ======

====== BEGIN LOG ======
[20:08:18.257x1] click.rmx.persistence.RmxSpringApplication::startDatabaseWithProperties on line 62: hibernate.hbm2ddl.auto not given. Default will be "update"
[20:08:18.374x1] click.rmx.persistence.RmxSpringApplication::startDatabaseWithProperties on line 66: hibernate.globally_quoted_identifiers not given. Default will be "true"
====== END OF LOG ======

====== BEGIN LOG ======
[20:09:35.087x1] click.rmx.persistence.RmxSpringApplication::startDatabaseWithProperties on line 62: hibernate.hbm2ddl.auto not given. Default will be "update"
[20:09:35.189x1] click.rmx.persistence.RmxSpringApplication::startDatabaseWithProperties on line 66: hibernate.globally_quoted_identifiers not given. Default will be "true"
====== END OF LOG ======

====== BEGIN LOG ======
[20:09:51.759x1] click.rmx.persistence.RmxSpringApplication::startDatabaseWithProperties on line 62: hibernate.hbm2ddl.auto not given. Default will be "update"
[20:09:51.897x1] click.rmx.persistence.RmxSpringApplication::startDatabaseWithProperties on line 66: hibernate.globally_quoted_identifiers not given. Default will be "true"
====== END OF LOG ======

====== BEGIN LOG ======
[20:09:55.599x1] click.rmx.persistence.RmxSpringApplication::startDatabaseWithProperties on line 62: hibernate.hbm2ddl.auto not given. Default will be "update"
[20:09:55.745x1] click.rmx.persistence.RmxSpringApplication::startDatabaseWithProperties on line 66: hibernate.globally_quoted_identifiers not given. Default will be "true"
====== END OF LOG ======

====== BEGIN LOG ======
[20:11:49.786x1] click.rmx.persistence.RmxSpringApplication::startDatabaseWithProperties on line 62: hibernate.hbm2ddl.auto not given. Default will be "update"
[20:11:49.918x1] click.rmx.persistence.RmxSpringApplication::startDatabaseWithProperties on line 66: hibernate.globally_quoted_identifiers not given. Default will be "true"
====== END OF LOG ======

====== BEGIN LOG ======
[20:13:51.178x1] click.rmx.persistence.RmxSpringApplication::startDatabaseWithProperties on line 62: hibernate.hbm2ddl.auto not given. Default will be "update"
[20:13:51.272x1] click.rmx.persistence.RmxSpringApplication::startDatabaseWithProperties on line 66: hibernate.globally_quoted_identifiers not given. Default will be "true"
====== END OF LOG ======

====== BEGIN LOG ======
[20:14:55.135x1] click.rmx.persistence.RmxSpringApplication::startDatabaseWithProperties on line 62: hibernate.hbm2ddl.auto not given. Default will be "update"
[20:14:55.268x1] click.rmx.persistence.RmxSpringApplication::startDatabaseWithProperties on line 66: hibernate.globally_quoted_identifiers not given. Default will be "true"
====== END OF LOG ======

====== BEGIN LOG ======
====== END OF LOG ======

====== BEGIN LOG ======
====== END OF LOG ======

====== BEGIN LOG ======
====== END OF LOG ======

====== BEGIN LOG ======
====== END OF LOG ======

====== BEGIN LOG ======
====== END OF LOG ======

====== BEGIN LOG ======
====== END OF LOG ======

====== BEGIN LOG ======
[20:30:02.971x1] click.rmx.persistence.RmxSpringApplication::startDatabaseWithProperties on line 62: hibernate.hbm2ddl.auto not given. Default will be "update"
[20:30:03.080x1] click.rmx.persistence.RmxSpringApplication::startDatabaseWithProperties on line 66: hibernate.globally_quoted_identifiers not given. Default will be "true"
====== END OF LOG ======

====== BEGIN LOG ======
[20:30:35.521x1] click.rmx.persistence.RmxSpringApplicationTests::<clinit> on line 37: /Users/Max/Gits/RMXJavaKit/rmx-persistence/target/test-classes/click/rmx/persistence/hsqldb/rmxdb
[20:30:35.659x1] click.rmx.persistence.RmxSpringApplication::startDatabaseWithProperties on line 62: hibernate.hbm2ddl.auto not given. Default will be "update"
[20:30:35.661x1] click.rmx.persistence.RmxSpringApplication::startDatabaseWithProperties on line 66: hibernate.globally_quoted_identifiers not given. Default will be "true"
====== END OF LOG ======

====== BEGIN LOG ======
[20:32:19.844x1] click.rmx.persistence.RmxSpringApplicationTests::<clinit> on line 37: /Users/Max/Gits/RMXJavaKit/rmx-persistence/target/test-classes/click/rmx/persistence/hsqldb/rmxdb
[20:32:19.927x1] click.rmx.persistence.RmxSpringApplication::startDatabaseWithProperties on line 62: hibernate.hbm2ddl.auto not given. Default will be "update"
[20:32:19.928x1] click.rmx.persistence.RmxSpringApplication::startDatabaseWithProperties on line 66: hibernate.globally_quoted_identifiers not given. Default will be "true"
====== END OF LOG ======

====== BEGIN LOG ======
[20:32:35.295x1] click.rmx.persistence.RmxSpringApplicationTests::<clinit> on line 37: /Users/Max/Gits/RMXJavaKit/rmx-persistence/target/test-classes/click/rmx/persistence/hsqldb/rmxdb
[20:32:35.413x1] click.rmx.persistence.RmxSpringApplication::startDatabaseWithProperties on line 62: hibernate.hbm2ddl.auto not given. Default will be "update"
[20:32:35.413x1] click.rmx.persistence.RmxSpringApplication::startDatabaseWithProperties on line 66: hibernate.globally_quoted_identifiers not given. Default will be "true"
====== END OF LOG ======

====== BEGIN LOG ======
[20:33:01.289x1] click.rmx.persistence.RmxSpringApplicationTests::<clinit> on line 37: /Users/Max/Gits/RMXJavaKit/rmx-persistence/target/test-classes/click/rmx/persistence/hsqldb/rmxdb
[20:33:01.404x1] click.rmx.persistence.RmxSpringApplication::startDatabaseWithProperties on line 62: hibernate.hbm2ddl.auto not given. Default will be "update"
[20:33:01.405x1] click.rmx.persistence.RmxSpringApplication::startDatabaseWithProperties on line 66: hibernate.globally_quoted_identifiers not given. Default will be "true"
====== END OF LOG ======

====== BEGIN LOG ======
[20:33:53.838x1] click.rmx.persistence.RmxSpringApplicationTests::<clinit> on line 37: /Users/Max/Gits/RMXJavaKit/rmx-persistence/target/test-classes/click/rmx/persistence/hsqldb/rmxdb
[20:33:54.034x1] click.rmx.persistence.RmxSpringApplication::startDatabaseWithProperties on line 62: hibernate.hbm2ddl.auto not given. Default will be "update"
[20:33:54.035x1] click.rmx.persistence.RmxSpringApplication::startDatabaseWithProperties on line 66: hibernate.globally_quoted_identifiers not given. Default will be "true"
====== END OF LOG ======

====== BEGIN LOG ======
[20:34:18.092x1] click.rmx.persistence.RmxSpringApplicationTests::<clinit> on line 37: /Users/Max/Gits/RMXJavaKit/rmx-persistence/target/test-classes/click/rmx/persistence/hsqldb/rmxdb
[20:34:18.227x1] click.rmx.persistence.RmxSpringApplication::startDatabaseWithProperties on line 62: hibernate.hbm2ddl.auto not given. Default will be "update"
[20:34:18.229x1] click.rmx.persistence.RmxSpringApplication::startDatabaseWithProperties on line 66: hibernate.globally_quoted_identifiers not given. Default will be "true"
====== END OF LOG ======

====== BEGIN LOG ======
[20:34:34.859x1] click.rmx.persistence.RmxSpringApplicationTests::<clinit> on line 37: /Users/Max/Gits/RMXJavaKit/rmx-persistence/target/test-classes/click/rmx/persistence/hsqldb/rmxdb
[20:34:34.980x1] click.rmx.persistence.RmxSpringApplication::startDatabaseWithProperties on line 62: hibernate.hbm2ddl.auto not given. Default will be "update"
[20:34:34.981x1] click.rmx.persistence.RmxSpringApplication::startDatabaseWithProperties on line 66: hibernate.globally_quoted_identifiers not given. Default will be "true"
====== END OF LOG ======

====== BEGIN LOG ======
[20:35:20.437x1] click.rmx.persistence.RmxSpringApplicationTests::<clinit> on line 37: /Users/Max/Gits/RMXJavaKit/rmx-persistence/target/test-classes/click/rmx/persistence/hsqldb/rmxdb
[20:35:20.560x1] click.rmx.persistence.RmxSpringApplication::startDatabaseWithProperties on line 62: hibernate.hbm2ddl.auto not given. Default will be "update"
[20:35:20.561x1] click.rmx.persistence.RmxSpringApplication::startDatabaseWithProperties on line 66: hibernate.globally_quoted_identifiers not given. Default will be "true"
====== END OF LOG ======

====== BEGIN LOG ======
[20:36:15.333x1] click.rmx.persistence.RmxSpringApplicationTests::<clinit> on line 37: /Users/Max/Gits/RMXJavaKit/rmx-persistence/target/test-classes/click/rmx/persistence/hsqldb/rmxdb
[20:36:15.465x1] click.rmx.persistence.RmxSpringApplication::startDatabaseWithProperties on line 62: hibernate.hbm2ddl.auto not given. Default will be "update"
[20:36:15.466x1] click.rmx.persistence.RmxSpringApplication::startDatabaseWithProperties on line 66: hibernate.globally_quoted_identifiers not given. Default will be "true"
====== END OF LOG ======

====== BEGIN LOG ======
[20:37:05.887x1] click.rmx.persistence.RmxSpringApplication::startDatabaseWithProperties on line 62: hibernate.hbm2ddl.auto not given. Default will be "update"
[20:37:06.028x1] click.rmx.persistence.RmxSpringApplication::startDatabaseWithProperties on line 66: hibernate.globally_quoted_identifiers not given. Default will be "true"
====== END OF LOG ======

====== BEGIN LOG ======
[12:30:48.978x1] click.rmx.persistence.RmxSpringApplication::startDatabaseWithProperties on line 62: hibernate.hbm2ddl.auto not given. Default will be "update"
[12:30:49.018x1] click.rmx.persistence.RmxSpringApplication::startDatabaseWithProperties on line 66: hibernate.globally_quoted_identifiers not given. Default will be "true"
====== END OF LOG ======

